\BOOKMARK [0][-]{section*.1}{ A Letter-of-Intent to Jefferson Lab PAC52 .5 in \040Measurement of the Two-Photon Exchange Contribution to the Positron-Neutron Elastic Scattering Cross Section}{}% 1
\BOOKMARK [1][-]{section*.2}{Introduction}{section*.1}% 2
\BOOKMARK [1][-]{section*.3}{Physics Motivation}{section*.1}% 3
\BOOKMARK [1][-]{section*.4}{Technique}{section*.1}% 4
\BOOKMARK [1][-]{section*.5}{Proposed Measurements}{section*.1}% 5
\BOOKMARK [1][-]{section*.6}{Experimental Setup}{section*.1}% 6
\BOOKMARK [2][-]{section*.7}{Parameters of the SBS}{section*.6}% 7
\BOOKMARK [2][-]{section*.8}{The BigBite Spectrometer}{section*.6}% 8
\BOOKMARK [3][-]{section*.9}{GEM Chambers}{section*.8}% 9
\BOOKMARK [3][-]{section*.10}{Shower/Preshower}{section*.8}% 10
\BOOKMARK [3][-]{section*.11}{Timing hodoscope}{section*.8}% 11
\BOOKMARK [3][-]{section*.12}{GRINCH cherenkov detector}{section*.8}% 12
\BOOKMARK [2][-]{section*.13}{Hadron Calorimeter \(HCal\)}{section*.6}% 13
\BOOKMARK [3][-]{section*.14}{Description}{section*.13}% 14
\BOOKMARK [3][-]{section*.15}{Discussion on HCal efficiency}{section*.13}% 15
\BOOKMARK [1][-]{section*.20}{Simulations, estimations of counting rates and accidentals}{section*.1}% 16
\BOOKMARK [2][-]{section*.21}{Background and trigger rates}{section*.20}% 17
\BOOKMARK [2][-]{section*.22}{Contamination from inelastic}{section*.20}% 18
\BOOKMARK [2][-]{section*.23}{Quasi-elastic counting rates}{section*.20}% 19
\BOOKMARK [2][-]{section*.24}{Projected results}{section*.20}% 20
\BOOKMARK [1][-]{section*.25}{Systematic Errors}{section*.1}% 21
\BOOKMARK [1][-]{section*.26}{Beam time request}{section*.1}% 22
\BOOKMARK [1][-]{section*.27}{References}{section*.1}% 23
