\BOOKMARK [0][-]{section*.1}{ A New Proposal to Jefferson Lab PAC48 .5 in \040Measurement of the Two-Photon Exchange contribution to the electron-neutron elastic scattering cross section}{}% 1
\BOOKMARK [1][-]{section*.2}{Introduction}{section*.1}% 2
\BOOKMARK [1][-]{section*.3}{Physics Motivation}{section*.1}% 3
\BOOKMARK [1][-]{section*.4}{Technique}{section*.1}% 4
\BOOKMARK [1][-]{section*.5}{Proposed Measurements}{section*.1}% 5
\BOOKMARK [1][-]{section*.6}{Experimental Setup}{section*.1}% 6
\BOOKMARK [2][-]{section*.7}{Parameters of the SBS}{section*.6}% 7
\BOOKMARK [2][-]{section*.8}{The BigBite Spectrometer}{section*.6}% 8
\BOOKMARK [3][-]{section*.9}{GEM Chambers}{section*.8}% 9
\BOOKMARK [3][-]{section*.10}{Shower/Preshower}{section*.8}% 10
\BOOKMARK [3][-]{section*.11}{Timing hodoscope}{section*.8}% 11
\BOOKMARK [3][-]{section*.12}{GRINCH cherenkov detector}{section*.8}% 12
\BOOKMARK [2][-]{section*.13}{Hadron Calorimeter \(HCal\)}{section*.6}% 13
\BOOKMARK [1][-]{section*.14}{Simulations, estimations of counting rates and accidentals}{section*.1}% 14
\BOOKMARK [2][-]{section*.15}{Background and trigger rates}{section*.14}% 15
\BOOKMARK [2][-]{section*.16}{Contamination from inelastic}{section*.14}% 16
\BOOKMARK [2][-]{section*.17}{Quasi-elastic counting rates}{section*.14}% 17
\BOOKMARK [1][-]{section*.18}{Systematic Errors}{section*.1}% 18
\BOOKMARK [1][-]{section*.19}{Beam time request}{section*.1}% 19
\BOOKMARK [1][-]{section*.20}{References}{section*.1}% 20
